<?xml version="1.0" encoding="UTF-8"?>
<testsuites>
  <testsuite id="0" name="C:\Users\MACampo\Documents\Cosas\muxocode\mxcd\front-end\mockdata\src\__tests__\RandomGenerator.test.ts" errors="0" package="C:\Users\MACampo\Documents\Cosas\muxocode\mxcd\front-end\mockdata\src\__tests__\RandomGenerator.test.ts" hostname="localhost" tests="9" failures="0" time="2.714" timestamp="2020-09-17T11:18:45">
    <properties>
    </properties>
    <testcase classname="App test" name="default options" time="0">
    </testcase>
    <testcase classname="App test" name="size" time="0">
    </testcase>
    <testcase classname="data" name="size" time="0">
    </testcase>
    <testcase classname="data" name="basic data" time="0">
    </testcase>
    <testcase classname="Regression" name="Basic" time="0">
    </testcase>
    <testcase classname="Random parts" name="Few" time="0">
    </testcase>
    <testcase classname="Random parts" name="Regular" time="0">
    </testcase>
    <testcase classname="Random parts" name="Lot" time="0">
    </testcase>
    <testcase classname="Random parts" name="Combo" time="0">
    </testcase>
    <system-out/>
    <system-err/>
  </testsuite>
</testsuites>